  Button.cpp
  main.cpp
C:\Users\grant\source\repos\Minesweeper\main.cpp(196,31): warning C4244: '=': conversion from 'float' to 'uint32_t', possible loss of data
C:\Users\grant\source\repos\Minesweeper\main.cpp(198,31): warning C4244: '=': conversion from 'float' to 'uint32_t', possible loss of data
C:\Users\grant\source\repos\Minesweeper\main.cpp(219,31): warning C4244: '=': conversion from 'float' to 'uint32_t', possible loss of data
C:\Users\grant\source\repos\Minesweeper\main.cpp(221,31): warning C4244: '=': conversion from 'float' to 'uint32_t', possible loss of data
C:\Users\grant\source\repos\Minesweeper\main.cpp(241,31): warning C4244: '=': conversion from 'float' to 'uint32_t', possible loss of data
C:\Users\grant\source\repos\Minesweeper\main.cpp(243,31): warning C4244: '=': conversion from 'float' to 'uint32_t', possible loss of data
C:\Users\grant\source\repos\Minesweeper\main.cpp(321,20): warning C4244: '=': conversion from 'float' to 'short', possible loss of data
C:\Users\grant\source\repos\Minesweeper\main.cpp(322,43): warning C4244: '=': conversion from 'float' to 'short', possible loss of data
  Difficulty.cpp
  MineField.cpp
  TextStuff.cpp
  Generating code
  Previous IPDB was built with incompatible compiler, fall back to full compilation.
C:\Users\grant\source\repos\Minesweeper\main.cpp(442): warning C4715: 'finalWindow': not all control paths return a value
C:\Users\grant\source\repos\Minesweeper\main.cpp(592): warning C4715: 'createDifficultyWindow': not all control paths return a value
  All 223 functions were compiled because no usable IPDB/IOBJ from previous compilation was found.
  Finished generating code
  Minesweeper.vcxproj -> C:\Users\grant\source\repos\Minesweeper\Release\Minesweeper.exe
